[14-Nov-2025 12:21:38 UTC] Login Debug: Attempting login for email: admin@mosse-luxe.com
[14-Nov-2025 12:21:38 UTC] Login Debug: SQL statement prepared successfully.
[14-Nov-2025 12:21:38 UTC] Login Debug: User found. Hashed password from DB: $2y$12$DMb8KPDSxrhcD.g8qk1uReQXxNAeRnsEDvq/cbQlk4n5fAOorPEXq
[14-Nov-2025 12:21:38 UTC] Login Debug: Provided password: adminpassword
[14-Nov-2025 12:21:38 UTC] Login Debug: Password verification successful.
[14-Nov-2025 12:21:38 UTC] PHP Warning:  session_regenerate_id(): Session ID cannot be regenerated after headers have already been sent in C:\xampp\htdocs\mosse-luxe\admin\login.php on line 50
[14-Nov-2025 12:21:38 UTC] PHP Warning:  Cannot modify header information - headers already sent by (output started at C:\xampp\htdocs\mosse-luxe\simulate_admin_login.php:14) in C:\xampp\htdocs\mosse-luxe\admin\login.php on line 59
[14-Nov-2025 12:26:12 UTC] PHP Warning:  Undefined array key "REQUEST_METHOD" in C:\xampp\htdocs\mosse-luxe\admin\login.php on line 16
[14-Nov-2025 12:32:01 UTC] PHP Fatal error:  Test error after DB connection. in C:\xampp\htdocs\mosse-luxe\admin\login.php on line 6
[14-Nov-2025 12:38:27 UTC] PHP Warning:  require(C:\xampp\htdocs\mosse-luxe/product.php?id=1): Failed to open stream: No such file or directory in C:\xampp\htdocs\mosse-luxe\test_frontend_pages.php on line 61
[14-Nov-2025 12:38:28 UTC] PHP Fatal error:  Uncaught Error: Failed opening required 'C:\xampp\htdocs\mosse-luxe/product.php?id=1' (include_path='.;C:\php\pear') in C:\xampp\htdocs\mosse-luxe\test_frontend_pages.php:61
Stack trace:
#0 {main}
  thrown in C:\xampp\htdocs\mosse-luxe\test_frontend_pages.php on line 61
[14-Nov-2025 15:12:16 Europe/Berlin] PHP Fatal error:  Uncaught Error: Class "ImageService" not found in C:\xampp\htdocs\mosse-luxe\admin\manage_homepage.php:21
Stack trace:
#0 {main}
  thrown in C:\xampp\htdocs\mosse-luxe\admin\manage_homepage.php on line 21
[14-Nov-2025 15:15:50 Europe/Berlin] PHP Warning:  imagecreatefrompng(): gd-png: libpng warning: iCCP: known incorrect sRGB profile in C:\xampp\htdocs\mosse-luxe\includes\image_service.php on line 54
[14-Nov-2025 15:18:49 Europe/Berlin] PHP Warning:  imagecreatefrompng(): gd-png: libpng warning: iCCP: known incorrect sRGB profile in C:\xampp\htdocs\mosse-luxe\includes\image_service.php on line 54
[14-Nov-2025 15:22:40 Europe/Berlin] PHP Warning:  imagecreatefrompng(): gd-png: libpng warning: iCCP: known incorrect sRGB profile in C:\xampp\htdocs\mosse-luxe\includes\image_service.php on line 54
[14-Nov-2025 15:54:05 Europe/Berlin] Error executing add category query: Duplicate entry 'T-Shirts' for key 'name'
[14-Nov-2025 15:54:32 Europe/Berlin] Error executing add category query: Duplicate entry 'T-Shirts' for key 'name'
[14-Nov-2025 16:46:16 Europe/Berlin] PHP Fatal error:  Uncaught Error: Call to a member function bind_param() on bool in C:\xampp\htdocs\mosse-luxe\login.php:78
Stack trace:
#0 {main}
  thrown in C:\xampp\htdocs\mosse-luxe\login.php on line 78
[14-Nov-2025 16:49:30 Europe/Berlin] User carts table not found, skipping cart persistence
[14-Nov-2025 16:56:41 Europe/Berlin] PHP Fatal error:  Uncaught Error: Class "Auth" not found in C:\xampp\htdocs\mosse-luxe\logout.php:5
Stack trace:
#0 {main}
  thrown in C:\xampp\htdocs\mosse-luxe\logout.php on line 5
[14-Nov-2025 16:59:45 Europe/Berlin] Failed to send welcome email to oleratodichaba44@gmail.com. Mailer Error: SMTP Error: Could not authenticate.
[14-Nov-2025 16:59:45 Europe/Berlin] Failed to send welcome email to oleratodichaba44@gmail.com for user olerato
[14-Nov-2025 17:00:27 Europe/Berlin] User carts table not found, skipping cart persistence
[14-Nov-2025 17:07:08 Europe/Berlin] PHP Warning:  mail(): Failed to connect to mailserver at &quot;localhost&quot; port 25, verify your &quot;SMTP&quot; and &quot;smtp_port&quot; setting in php.ini or use ini_set() in C:\xampp\htdocs\mosse-luxe\admin\messages.php on line 59
[14-Nov-2025 17:08:52 Europe/Berlin] PHP Fatal error:  Uncaught Error: Class "NotificationService" not found in C:\xampp\htdocs\mosse-luxe\admin\messages.php:53
Stack trace:
#0 {main}
  thrown in C:\xampp\htdocs\mosse-luxe\admin\messages.php on line 53
[14-Nov-2025 17:33:21 Europe/Berlin] Failed to send message reply to oleratomauwane02@gmail.com. Mailer Error: SMTP Error: Could not authenticate.
[14-Nov-2025 17:36:12 Europe/Berlin] Message reply sent successfully to oleratomauwane02@gmail.com for subject: Re: Welcome to Rise & Shine Chess Club!
[14-Nov-2025 17:36:12 Europe/Berlin] Message reply sent successfully from admin to oleratomauwane02@gmail.com
[14-Nov-2025 17:36:52 Europe/Berlin] Message reply sent successfully to oleratomauwane02@gmail.com for subject: Re: Welcome to Rise & Shine Chess Club!
[14-Nov-2025 17:36:52 Europe/Berlin] Message reply sent successfully from admin to oleratomauwane02@gmail.com
[14-Nov-2025 17:43:04 Europe/Berlin] Message reply sent successfully to oleratomauwane02@gmail.com for subject: Re: Welcome to Rise & Shine Chess Club!
[14-Nov-2025 17:43:04 Europe/Berlin] Message reply sent successfully from admin to oleratomauwane02@gmail.com
[14-Nov-2025 17:43:24 Europe/Berlin] Message reply sent successfully to oleratomauwane02@gmail.com for subject: Re: Welcome to Rise & Shine Chess Club!
[14-Nov-2025 17:43:24 Europe/Berlin] Message reply sent successfully from admin to oleratomauwane02@gmail.com
[14-Nov-2025 17:44:36 Europe/Berlin] PHP Warning:  mail(): Failed to connect to mailserver at &quot;localhost&quot; port 25, verify your &quot;SMTP&quot; and &quot;smtp_port&quot; setting in php.ini or use ini_set() in C:\xampp\htdocs\mosse-luxe\test_smtp.php on line 19
[14-Nov-2025 17:44:36 Europe/Berlin] PHP Fatal error:  Uncaught ArgumentCountError: Too few arguments to function NotificationService::sendMessageReply(), 4 passed in C:\xampp\htdocs\mosse-luxe\test_smtp.php on line 32 and exactly 5 expected in C:\xampp\htdocs\mosse-luxe\includes\notification_service.php:486
Stack trace:
#0 C:\xampp\htdocs\mosse-luxe\test_smtp.php(32): NotificationService::sendMessageReply('test@mosseluxe....', 'SMTP Tester', 'SMTP Test - Not...', 'This is a test ...')
#1 {main}
  thrown in C:\xampp\htdocs\mosse-luxe\includes\notification_service.php on line 486
[14-Nov-2025 17:52:42 Europe/Berlin] Message reply sent successfully to oleratomauwane02@gmail.com for subject: Re: Welcome to Rise & Shine Chess Club!
[14-Nov-2025 17:52:42 Europe/Berlin] Message reply sent successfully from admin to oleratomauwane02@gmail.com
[14-Nov-2025 17:57:39 Europe/Berlin] Message reply sent successfully to oleratomauwane02@gmail.com for subject: Re: Welcome to Rise & Shine Chess Club!
[14-Nov-2025 17:57:39 Europe/Berlin] Message reply sent successfully from admin to oleratomauwane02@gmail.com
[14-Nov-2025 17:57:51 Europe/Berlin] Message reply sent successfully to oleratomauwane02@gmail.com for subject: Re: Welcome to Rise & Shine Chess Club!
[14-Nov-2025 17:57:51 Europe/Berlin] Message reply sent successfully from admin to oleratomauwane02@gmail.com
[14-Nov-2025 17:57:59 Europe/Berlin] Message reply sent successfully to oleratomauwane02@gmail.com for subject: Re: Welcome to Rise & Shine Chess Club!
[14-Nov-2025 17:57:59 Europe/Berlin] Message reply sent successfully from admin to oleratomauwane02@gmail.com
[14-Nov-2025 17:58:08 Europe/Berlin] Message reply sent successfully to oleratomauwane02@gmail.com for subject: Re: Welcome to Rise & Shine Chess Club!
[14-Nov-2025 17:58:08 Europe/Berlin] Message reply sent successfully from admin to oleratomauwane02@gmail.com
[14-Nov-2025 18:52:56 Europe/Berlin] Message reply sent successfully to oleratomauwane02@gmail.com for subject: Re: Welcome to Rise & Shine Chess Club!
[14-Nov-2025 18:52:56 Europe/Berlin] Message reply sent successfully from admin to oleratomauwane02@gmail.com
[14-Nov-2025 21:48:23 Europe/Berlin] PHP Warning:  include(includes/page_selector_component.php): Failed to open stream: No such file or directory in C:\xampp\htdocs\mosse-luxe\admin\announcement.php on line 114
[14-Nov-2025 21:48:23 Europe/Berlin] PHP Warning:  include(): Failed opening 'includes/page_selector_component.php' for inclusion (include_path='C:\xampp\php\PEAR') in C:\xampp\htdocs\mosse-luxe\admin\announcement.php on line 114
[14-Nov-2025 21:21:22 UTC] PHP Fatal error:  Uncaught Error: mysqli_stmt::bind_param(): Argument #2 could not be passed by reference in C:\xampp\htdocs\mosse-luxe\_private_scripts\enable_hero_buttons.php:7
Stack trace:
#0 {main}
  thrown in C:\xampp\htdocs\mosse-luxe\_private_scripts\enable_hero_buttons.php on line 7
[14-Nov-2025 23:07:22 Europe/Berlin] PHP Fatal error:  Uncaught ArgumentCountError: The number of elements in the type definition string must match the number of bind variables in C:\xampp\htdocs\mosse-luxe\admin\edit_hero_slide.php:60
Stack trace:
#0 C:\xampp\htdocs\mosse-luxe\admin\edit_hero_slide.php(60): mysqli_stmt->bind_param('sssssisii', '', 'Discover premiu...', 'Shop Now', '/shop', 'assets/images/h...', 1, 1, 4)
#1 {main}
  thrown in C:\xampp\htdocs\mosse-luxe\admin\edit_hero_slide.php on line 60
[14-Nov-2025 23:08:13 Europe/Berlin] PHP Fatal error:  Uncaught ArgumentCountError: The number of elements in the type definition string must match the number of bind variables in C:\xampp\htdocs\mosse-luxe\admin\edit_hero_slide.php:60
Stack trace:
#0 C:\xampp\htdocs\mosse-luxe\admin\edit_hero_slide.php(60): mysqli_stmt->bind_param('sssssiisi', '', 'Discover premiu...', 'Shop Now', '/shop', 'assets/images/h...', 1, 1, 4)
#1 {main}
  thrown in C:\xampp\htdocs\mosse-luxe\admin\edit_hero_slide.php on line 60
[14-Nov-2025 23:36:50 Europe/Berlin] PHP Fatal error:  Uncaught Error: Call to a member function bind_param() on bool in C:\xampp\htdocs\mosse-luxe\admin\edit_hero_slide.php:61
Stack trace:
#0 {main}
  thrown in C:\xampp\htdocs\mosse-luxe\admin\edit_hero_slide.php on line 61
[15-Nov-2025 12:22:38 Europe/Berlin] Error preparing products query: MySQL server has gone away
[15-Nov-2025 12:22:38 Europe/Berlin] Error fetching categories for filter: MySQL server has gone away
[15-Nov-2025 12:24:51 Europe/Berlin] PHP Warning:  mysqli::__construct(): (HY000/2002): No connection could be made because the target machine actively refused it in C:\xampp\htdocs\mosse-luxe\includes\db_connect.php on line 16
[15-Nov-2025 12:24:51 Europe/Berlin] Database Connection Failed: No connection could be made because the target machine actively refused it
[15-Nov-2025 12:24:51 Europe/Berlin] PHP Fatal error:  Uncaught Exception: Database Connection Failed: No connection could be made because the target machine actively refused it in C:\xampp\htdocs\mosse-luxe\includes\db_connect.php:23
Stack trace:
#0 C:\xampp\htdocs\mosse-luxe\index.php(6): get_db_connection()
#1 {main}
  thrown in C:\xampp\htdocs\mosse-luxe\includes\db_connect.php on line 23
[15-Nov-2025 12:25:00 Europe/Berlin] PHP Warning:  mysqli::__construct(): (HY000/2002): No connection could be made because the target machine actively refused it in C:\xampp\htdocs\mosse-luxe\includes\db_connect.php on line 16
[15-Nov-2025 12:25:00 Europe/Berlin] Database Connection Failed: No connection could be made because the target machine actively refused it
[15-Nov-2025 12:25:00 Europe/Berlin] PHP Fatal error:  Uncaught Exception: Database Connection Failed: No connection could be made because the target machine actively refused it in C:\xampp\htdocs\mosse-luxe\includes\db_connect.php:23
Stack trace:
#0 C:\xampp\htdocs\mosse-luxe\includes\header.php(141): get_db_connection()
#1 C:\xampp\htdocs\mosse-luxe\about.php(4): require_once('C:\\xampp\\htdocs...')
#2 {main}
  thrown in C:\xampp\htdocs\mosse-luxe\includes\db_connect.php on line 23
[15-Nov-2025 12:25:19 Europe/Berlin] PHP Warning:  mysqli::__construct(): (HY000/2002): No connection could be made because the target machine actively refused it in C:\xampp\htdocs\mosse-luxe\includes\db_connect.php on line 16
[15-Nov-2025 12:25:19 Europe/Berlin] Database Connection Failed: No connection could be made because the target machine actively refused it
[15-Nov-2025 12:25:19 Europe/Berlin] PHP Fatal error:  Uncaught Exception: Database Connection Failed: No connection could be made because the target machine actively refused it in C:\xampp\htdocs\mosse-luxe\includes\db_connect.php:23
Stack trace:
#0 C:\xampp\htdocs\mosse-luxe\index.php(6): get_db_connection()
#1 {main}
  thrown in C:\xampp\htdocs\mosse-luxe\includes\db_connect.php on line 23
[15-Nov-2025 12:32:41 Europe/Berlin] PHP Warning:  imagecreatefrompng(): gd-png: libpng warning: iCCP: known incorrect sRGB profile in C:\xampp\htdocs\mosse-luxe\includes\image_service.php on line 54
[15-Nov-2025 14:02:21 Europe/Berlin] PHP Warning:  Undefined variable $conn in C:\xampp\htdocs\mosse-luxe\admin\whatsapp.php on line 85
[15-Nov-2025 14:02:21 Europe/Berlin] PHP Fatal error:  Uncaught Error: Call to a member function prepare() on null in C:\xampp\htdocs\mosse-luxe\admin\whatsapp.php:85
Stack trace:
#0 {main}
  thrown in C:\xampp\htdocs\mosse-luxe\admin\whatsapp.php on line 85
[15-Nov-2025 14:02:39 Europe/Berlin] PHP Warning:  Undefined variable $conn in C:\xampp\htdocs\mosse-luxe\admin\whatsapp.php on line 137
[15-Nov-2025 14:02:39 Europe/Berlin] PHP Fatal error:  Uncaught Error: Call to a member function prepare() on null in C:\xampp\htdocs\mosse-luxe\admin\whatsapp.php:137
Stack trace:
#0 {main}
  thrown in C:\xampp\htdocs\mosse-luxe\admin\whatsapp.php on line 137
[15-Nov-2025 14:02:51 Europe/Berlin] PHP Warning:  Undefined variable $conn in C:\xampp\htdocs\mosse-luxe\admin\whatsapp.php on line 137
[15-Nov-2025 14:02:51 Europe/Berlin] PHP Fatal error:  Uncaught Error: Call to a member function prepare() on null in C:\xampp\htdocs\mosse-luxe\admin\whatsapp.php:137
Stack trace:
#0 {main}
  thrown in C:\xampp\htdocs\mosse-luxe\admin\whatsapp.php on line 137
[15-Nov-2025 14:02:52 Europe/Berlin] PHP Warning:  Undefined variable $conn in C:\xampp\htdocs\mosse-luxe\admin\whatsapp.php on line 137
[15-Nov-2025 14:02:52 Europe/Berlin] PHP Fatal error:  Uncaught Error: Call to a member function prepare() on null in C:\xampp\htdocs\mosse-luxe\admin\whatsapp.php:137
Stack trace:
#0 {main}
  thrown in C:\xampp\htdocs\mosse-luxe\admin\whatsapp.php on line 137
[15-Nov-2025 14:03:17 Europe/Berlin] PHP Warning:  Undefined variable $conn in C:\xampp\htdocs\mosse-luxe\admin\whatsapp.php on line 137
[15-Nov-2025 14:03:17 Europe/Berlin] PHP Fatal error:  Uncaught Error: Call to a member function prepare() on null in C:\xampp\htdocs\mosse-luxe\admin\whatsapp.php:137
Stack trace:
#0 {main}
  thrown in C:\xampp\htdocs\mosse-luxe\admin\whatsapp.php on line 137
[15-Nov-2025 14:04:25 Europe/Berlin] PHP Warning:  Undefined variable $conn in C:\xampp\htdocs\mosse-luxe\admin\whatsapp.php on line 137
[15-Nov-2025 14:04:25 Europe/Berlin] PHP Fatal error:  Uncaught Error: Call to a member function prepare() on null in C:\xampp\htdocs\mosse-luxe\admin\whatsapp.php:137
Stack trace:
#0 {main}
  thrown in C:\xampp\htdocs\mosse-luxe\admin\whatsapp.php on line 137
[15-Nov-2025 14:04:27 Europe/Berlin] PHP Warning:  Undefined variable $conn in C:\xampp\htdocs\mosse-luxe\admin\whatsapp.php on line 137
[15-Nov-2025 14:04:27 Europe/Berlin] PHP Fatal error:  Uncaught Error: Call to a member function prepare() on null in C:\xampp\htdocs\mosse-luxe\admin\whatsapp.php:137
Stack trace:
#0 {main}
  thrown in C:\xampp\htdocs\mosse-luxe\admin\whatsapp.php on line 137
[15-Nov-2025 14:04:34 Europe/Berlin] PHP Warning:  Undefined variable $conn in C:\xampp\htdocs\mosse-luxe\admin\whatsapp.php on line 137
[15-Nov-2025 14:04:34 Europe/Berlin] PHP Fatal error:  Uncaught Error: Call to a member function prepare() on null in C:\xampp\htdocs\mosse-luxe\admin\whatsapp.php:137
Stack trace:
#0 {main}
  thrown in C:\xampp\htdocs\mosse-luxe\admin\whatsapp.php on line 137
[15-Nov-2025 14:06:00 Europe/Berlin] PHP Warning:  Undefined variable $conn in C:\xampp\htdocs\mosse-luxe\admin\whatsapp.php on line 154
[15-Nov-2025 14:06:00 Europe/Berlin] PHP Fatal error:  Uncaught Error: Call to a member function prepare() on null in C:\xampp\htdocs\mosse-luxe\admin\whatsapp.php:154
Stack trace:
#0 {main}
  thrown in C:\xampp\htdocs\mosse-luxe\admin\whatsapp.php on line 154
[15-Nov-2025 14:07:03 Europe/Berlin] PHP Warning:  Undefined variable $conn in C:\xampp\htdocs\mosse-luxe\admin\whatsapp.php on line 154
[15-Nov-2025 14:07:03 Europe/Berlin] PHP Fatal error:  Uncaught Error: Call to a member function prepare() on null in C:\xampp\htdocs\mosse-luxe\admin\whatsapp.php:154
Stack trace:
#0 {main}
  thrown in C:\xampp\htdocs\mosse-luxe\admin\whatsapp.php on line 154
[15-Nov-2025 14:07:05 Europe/Berlin] PHP Warning:  Undefined variable $conn in C:\xampp\htdocs\mosse-luxe\admin\whatsapp.php on line 154
[15-Nov-2025 14:07:05 Europe/Berlin] PHP Fatal error:  Uncaught Error: Call to a member function prepare() on null in C:\xampp\htdocs\mosse-luxe\admin\whatsapp.php:154
Stack trace:
#0 {main}
  thrown in C:\xampp\htdocs\mosse-luxe\admin\whatsapp.php on line 154
[15-Nov-2025 14:18:34 Europe/Berlin] PHP Warning:  Cannot modify header information - headers already sent by (output started at C:\xampp\htdocs\mosse-luxe\admin\whatsapp.php:1) in C:\xampp\htdocs\mosse-luxe\admin\bootstrap.php on line 12
[15-Nov-2025 14:19:24 Europe/Berlin] PHP Warning:  Cannot modify header information - headers already sent by (output started at C:\xampp\htdocs\mosse-luxe\admin\whatsapp.php:1) in C:\xampp\htdocs\mosse-luxe\admin\bootstrap.php on line 12
[15-Nov-2025 14:45:09 UTC] PHP Fatal error:  Uncaught Error: mysqli_stmt::bind_param(): Argument #2 could not be passed by reference in C:\xampp\htdocs\mosse-luxe\_private_scripts\create_product_variants.php:110
Stack trace:
#0 {main}
  thrown in C:\xampp\htdocs\mosse-luxe\_private_scripts\create_product_variants.php on line 110
[15-Nov-2025 14:45:28 UTC] PHP Fatal error:  Uncaught Error: mysqli_stmt::bind_param(): Argument #2 could not be passed by reference in C:\xampp\htdocs\mosse-luxe\_private_scripts\create_product_variants.php:110
Stack trace:
#0 {main}
  thrown in C:\xampp\htdocs\mosse-luxe\_private_scripts\create_product_variants.php on line 110
[15-Nov-2025 14:57:33 UTC] PHP Fatal error:  Uncaught Error: mysqli_stmt::bind_param(): Argument #2 could not be passed by reference in C:\xampp\htdocs\mosse-luxe\_private_scripts\add_category_sizes.php:89
Stack trace:
#0 {main}
  thrown in C:\xampp\htdocs\mosse-luxe\_private_scripts\add_category_sizes.php on line 89
[15-Nov-2025 14:58:01 UTC] PHP Fatal error:  Uncaught Error: mysqli_stmt::bind_param(): Argument #2 could not be passed by reference in C:\xampp\htdocs\mosse-luxe\_private_scripts\add_category_sizes.php:89
Stack trace:
#0 {main}
  thrown in C:\xampp\htdocs\mosse-luxe\_private_scripts\add_category_sizes.php on line 89
